<?xml version="1.0" encoding="UTF-8"?>
<!-- Generated by org.testng.reporters.JUnitXMLReporter -->
<testsuite hostname="SCA-WS380" ignored="0" name="HomePageTests" tests="2" failures="0" timestamp="08 Sep 2017 19:25:35 GMT" time="6.556" errors="0">
  <testcase name="testVerifyHomePageLoadsCorrectly" time="0.518" classname="testPackage.HomePageTests"/>
  <testcase name="testVerifyHomePageLoadsCorrectlyFromTabMenu" time="0.323" classname="testPackage.HomePageTests"/>
</testsuite> <!-- HomePageTests -->
