<?xml version="1.0" encoding="UTF-8"?>
<!-- Generated by org.testng.reporters.JUnitXMLReporter -->
<testsuite hostname="SCA-WS380" ignored="0" name="Local Driver Test" tests="7" failures="0" timestamp="22 Aug 2017 18:44:49 GMT" time="15.105" errors="0">
  <testcase name="testVerifyTheLoginPageIsDisplayedCorrectly" time="1.312" classname="testPackage.LoginTests"/>
  <testcase name="testVerifyTheUserIsAbleToLoginWhenSendingValidCredentials" time="2.299" classname="testPackage.LoginTests"/>
  <testcase name="testVerifyTheUserIsNotAbleToLoginWhenSendingInvalidCredentials" time="0.885" classname="testPackage.LoginTests"/>
  <testcase name="testVerifyAllTheMandatoryMessages" time="1.758" classname="testPackage.RegisterTests"/>
  <testcase name="testVerifyErrorDisplayedWhenPasswordDoesNotMatchWithConfirmPassword" time="0.613" classname="testPackage.RegisterTests"/>
  <testcase name="testVerifyErrorDisplayedWhenUsingExistingUserName" time="0.614" classname="testPackage.RegisterTests"/>
  <testcase name="testVerifyTheLoginPageIsDisplayedCorrectly" time="0.188" classname="testPackage.RegisterTests"/>
</testsuite> <!-- Local Driver Test -->
